<?xml version="1.0" encoding="UTF-8"?>
<!-- Generated by org.testng.reporters.JUnitXMLReporter -->
<testsuite ignored="0" hostname="Sarwan-LAPTOP" failures="0" tests="4" name="Default test" time="0.057" errors="0" timestamp="2023-01-20T21:42:36 IST">
  <testcase classname="Com.Tetstng.Dep1sample" name="test123" time="0.008"/>
  <testcase classname="Com.Tetstng.Dep1sample" name="test20" time="0.001"/>
  <testcase classname="Com.Tetstng.Dep1sample" name="test3" time="0.002"/>
  <testcase classname="Com.Tetstng.Dep1sample" name="test4" time="0.001"/>
</testsuite> <!-- Default test -->
