<?xml version="1.0" encoding="UTF-8"?>
<!-- Generated by org.testng.reporters.JUnitXMLReporter -->
<testsuite ignored="1" hostname="Sarwan-LAPTOP" failures="0" tests="7" name="Testng" time="0.058" errors="0" timestamp="2023-01-20T21:11:05 IST">
  <testcase classname="Com.Tetstng.Dep1sample" name="test123" time="0.005"/>
  <testcase classname="Com.Tetstng.Dep1sample" name="test20" time="0.001"/>
  <testcase classname="Com.Tetstng.Dep1sample" name="test3" time="0.001"/>
  <testcase classname="Com.Tetstng.Dep1sample" name="test4" time="0.001"/>
  <testcase classname="Com.Tetstng.NewSample" name="test320" time="0.002"/>
  <testcase classname="Com.Tetstng.NewSample" name="test123" time="0.002"/>
  <testcase classname="Com.Tetstng.NewSample" name="test321" time="0.001"/>
  <testcase classname="Com.Tetstng.NewSample" name="test467" time="0.0">
    <ignored/>
  </testcase> <!-- test467 -->
</testsuite> <!-- Testng -->
