<?xml version="1.0" encoding="UTF-8"?>
<testng-results ignored="0" total="4" passed="4" failed="0" skipped="0">
  <reporter-output>
  </reporter-output>
  <suite started-at="2023-01-20T21:42:36 IST" name="Default suite" finished-at="2023-01-20T21:42:36 IST" duration-ms="57">
    <groups>
    </groups>
    <test started-at="2023-01-20T21:42:36 IST" name="Default test" finished-at="2023-01-20T21:42:36 IST" duration-ms="57">
      <class name="Com.Tetstng.Dep1sample">
        <test-method is-config="true" signature="beforeSuite()[pri:0, instance:Com.Tetstng.Dep1sample@7133da86]" started-at="2023-01-20T21:42:36 IST" name="beforeSuite" finished-at="2023-01-20T21:42:36 IST" duration-ms="11" status="PASS">
          <reporter-output>
          </reporter-output>
        </test-method> <!-- beforeSuite -->
        <test-method signature="test123()[pri:0, instance:Com.Tetstng.Dep1sample@7133da86]" started-at="2023-01-20T21:42:36 IST" name="test123" finished-at="2023-01-20T21:42:36 IST" duration-ms="8" status="PASS">
          <reporter-output>
          </reporter-output>
        </test-method> <!-- test123 -->
        <test-method signature="test20()[pri:0, instance:Com.Tetstng.Dep1sample@7133da86]" started-at="2023-01-20T21:42:36 IST" name="test20" finished-at="2023-01-20T21:42:36 IST" duration-ms="1" status="PASS">
          <reporter-output>
          </reporter-output>
        </test-method> <!-- test20 -->
        <test-method signature="test3()[pri:0, instance:Com.Tetstng.Dep1sample@7133da86]" started-at="2023-01-20T21:42:36 IST" name="test3" finished-at="2023-01-20T21:42:36 IST" duration-ms="2" status="PASS">
          <reporter-output>
          </reporter-output>
        </test-method> <!-- test3 -->
        <test-method signature="test4()[pri:0, instance:Com.Tetstng.Dep1sample@7133da86]" started-at="2023-01-20T21:42:36 IST" name="test4" finished-at="2023-01-20T21:42:36 IST" duration-ms="1" status="PASS">
          <reporter-output>
          </reporter-output>
        </test-method> <!-- test4 -->
        <test-method is-config="true" signature="After()[pri:0, instance:Com.Tetstng.Dep1sample@7133da86]" started-at="2023-01-20T21:42:36 IST" name="After" finished-at="2023-01-20T21:42:36 IST" duration-ms="0" status="PASS">
          <reporter-output>
          </reporter-output>
        </test-method> <!-- After -->
        <test-method is-config="true" signature="Aftercls()[pri:0, instance:Com.Tetstng.Dep1sample@7133da86]" started-at="2023-01-20T21:42:36 IST" name="Aftercls" finished-at="2023-01-20T21:42:36 IST" duration-ms="0" status="PASS">
          <reporter-output>
          </reporter-output>
        </test-method> <!-- Aftercls -->
        <test-method is-config="true" signature="Aftersuite()[pri:0, instance:Com.Tetstng.Dep1sample@7133da86]" started-at="2023-01-20T21:42:36 IST" name="Aftersuite" finished-at="2023-01-20T21:42:36 IST" duration-ms="0" status="PASS">
          <reporter-output>
          </reporter-output>
        </test-method> <!-- Aftersuite -->
      </class> <!-- Com.Tetstng.Dep1sample -->
    </test> <!-- Default test -->
  </suite> <!-- Default suite -->
</testng-results>
